FMT, 128, 89, FMT, BBnNZ, Type,Length,Name,Format,Columns
FMT, 129, 23, PARM, Nf, Name,Value
FMT, 130, 45, GPS, BIHBcLLeeEefI, Status,TimeMS,Week,NSats,HDop,Lat,Lng,RelAlt,Alt,Spd,GCrs,VZ,T
FMT, 144, 46, GPS2, BIHBcLLeEefIBI, Status,TimeMS,Week,NSats,HDop,Lat,Lng,Alt,Spd,GCrs,VZ,T,DSc,DAg
FMT, 131, 31, IMU, Iffffff, TimeMS,GyrX,GyrY,GyrZ,AccX,AccY,AccZ
FMT, 135, 31, IMU2, Iffffff, TimeMS,GyrX,GyrY,GyrZ,AccX,AccY,AccZ
FMT, 132, 67, MSG, Z, Message
FMT, 133, 35, RCIN, Ihhhhhhhhhhhhhh, TimeMS,C1,C2,C3,C4,C5,C6,C7,C8,C9,C10,C11,C12,C13,C14
FMT, 134, 23, RCOU, Ihhhhhhhh, TimeMS,Chan1,Chan2,Chan3,Chan4,Chan5,Chan6,Chan7,Chan8
FMT, 136, 17, BARO, Iffc, TimeMS,Alt,Press,Temp
FMT, 137, 13, POWR, ICCH, TimeMS,Vcc,VServo,Flags
FMT, 138, 25, AHR2, IccCfLL, TimeMS,Roll,Pitch,Yaw,Alt,Lat,Lng
FMT, 139, 25, SIM, IccCfLL, TimeMS,Roll,Pitch,Yaw,Alt,Lat,Lng
FMT, 140, 43, EKF1, IccCffffffccc, TimeMS,Roll,Pitch,Yaw,VN,VE,VD,PN,PE,PD,GX,GY,GZ
FMT, 141, 26, EKF2, Ibbbcchhhhhh, TimeMS,AX,AY,AZ,VWN,VWE,MN,ME,MD,MX,MY,MZ
FMT, 142, 27, EKF3, Icccccchhhc, TimeMS,IVN,IVE,IVD,IPN,IPE,IPD,IMX,IMY,IMZ,IVT
FMT, 143, 25, EKF4, IcccccccbbBB, TimeMS,SV,SP,SH,SMX,SMY,SMZ,SVT,OFN,EFE,FS,DS
FMT, 145, 41, CMD, IHHHfffffff, TimeMS,CTot,CNum,CId,Prm1,Prm2,Prm3,Prm4,Lat,Lng,Alt
FMT, 146, 16, RAD, IBBBBBHH, TimeMS,RSSI,RemRSSI,TxBuf,Noise,RemNoise,RxErrors,Fixed
FMT, 9, 17, ATT, IccCCC, TimeMS,Roll,Pitch,Yaw,ErrorRP,ErrorYaw
FMT, 2, 22, PM, IHIhhhBH, LTime,MLC,gDt,GDx,GDy,GDz,I2CErr,INSErr
FMT, 8, 27, CAM, IHLLeccC, GPSTime,GPSWeek,Lat,Lng,Alt,Roll,Pitch,Yaw
FMT, 5, 6, STRT, BH, SType,CTot
FMT, 0, 23, CTUN, Icccchhf, TimeMS,NavRoll,Roll,NavPitch,Pitch,ThrOut,RdrOut,AccY
FMT, 1, 29, NTUN, ICICCccfI, TimeMS,Yaw,WpDist,TargBrg,NavBrg,AltErr,Arspd,Alt,GSpdCM
FMT, 14, 24, SONR, IffffB, TimeMS,DistCM,Volt,BaroAlt,GSpd,Thr
FMT, 10, 9, MODE, IMB, TimeMS,Mode,ModeNum
FMT, 4, 19, CURR, IhhhHf, TimeMS,Thr,Volt,Curr,Vcc,CurrTot
FMT, 11, 19, MAG, Ihhhhhh, TimeMS,MagX,MagY,MagZ,OfsX,OfsY,OfsZ
FMT, 15, 19, MAG2, Ihhhhhh, TimeMS,MagX,MagY,MagZ,OfsX,OfsY,OfsZ
FMT, 16, 10, ARM, IHB, TimeMS,ArmState,ArmChecks
FMT, 17, 17, ARSP, Iffc, TimeMS,Airspeed,DiffPress,Temp
FMT, 147, 23, ATRP, IBBcfff, TimeMS,Type,State,Servo,Demanded,Achieved,P
FMT, 12, 55, TECS, Iffffffffffff, TimeMS,h,dh,h_dem,dh_dem,sp_dem,sp,dsp,ith,iph,th,ph,dsp_dem
PARM, FORMAT_VERSION, 13
PARM, SYSID_SW_TYPE, 0
PARM, SYSID_THISMAV, 1
PARM, SYSID_MYGCS, 255
PARM, SERIAL0_BAUD, 115
PARM, SERIAL1_BAUD, 57
PARM, SERIAL2_BAUD, 57
PARM, AUTOTUNE_LEVEL, 5
PARM, TELEM_DELAY, 0
PARM, KFF_RDDRMIX, 0.5
PARM, KFF_THR2PTCH, 0
PARM, STICK_MIXING, 1
PARM, SKIP_GYRO_CAL, 0
PARM, AUTO_FBW_STEER, 0
PARM, TKOFF_THR_MINSPD, 0
PARM, TKOFF_THR_MINACC, 0
PARM, TKOFF_THR_DELAY, 2
PARM, LEVEL_ROLL_LIMIT, 5
PARM, LAND_PITCH_CD, 0
PARM, LAND_FLARE_ALT, 3
PARM, LAND_FLARE_SEC, 2
PARM, NAV_CONTROLLER, 1
PARM, ALT_MIX, 1
PARM, ALT_CTRL_ALG, 0
PARM, ALT_OFFSET, 0
PARM, WP_RADIUS, 30
PARM, WP_MAX_RADIUS, 0
PARM, WP_LOITER_RAD, 60
PARM, FENCE_ACTION, 0
PARM, FENCE_TOTAL, 0
PARM, FENCE_CHANNEL, 0
PARM, FENCE_MINALT, 0
PARM, FENCE_MAXALT, 0
PARM, FENCE_RETALT, 0
PARM, FENCE_AUTOENABLE, 0
PARM, FENCE_RET_RALLY, 0
PARM, ARSPD_FBW_MIN, 9
PARM, ARSPD_FBW_MAX, 22
PARM, FBWB_ELEV_REV, 0
PARM, FBWB_CLIMB_RATE, 2
PARM, THR_MIN, 0
PARM, THR_MAX, 75
PARM, THR_SLEWRATE, 100
PARM, THR_SUPP_MAN, 0
PARM, THR_PASS_STAB, 0
PARM, THR_FAILSAFE, 1
PARM, THR_FS_VALUE, 950
PARM, TRIM_THROTTLE, 45
PARM, THROTTLE_NUDGE, 1
PARM, FS_SHORT_ACTN, 0
PARM, FS_SHORT_TIMEOUT, 1.5
PARM, FS_LONG_ACTN, 0
PARM, FS_LONG_TIMEOUT, 20
PARM, FS_BATT_VOLTAGE, 0
PARM, FS_BATT_MAH, 0
PARM, FS_GCS_ENABL, 0
PARM, FLTMODE_CH, 8
PARM, FLTMODE1, 11
PARM, FLTMODE2, 11
PARM, FLTMODE3, 5
PARM, FLTMODE4, 5
PARM, FLTMODE5, 0
PARM, FLTMODE6, 0
PARM, LIM_ROLL_CD, 4500
PARM, LIM_PITCH_MAX, 2000
PARM, LIM_PITCH_MIN, -2500
PARM, ACRO_ROLL_RATE, 180
PARM, ACRO_PITCH_RATE, 180
PARM, ACRO_LOCKING, 0
PARM, GROUND_STEER_ALT, 0
PARM, GROUND_STEER_DPS, 90
PARM, TRIM_AUTO, 0
PARM, ELEVON_MIXING, 0
PARM, ELEVON_REVERSE, 0
PARM, ELEVON_CH1_REV, 0
PARM, ELEVON_CH2_REV, 0
PARM, VTAIL_OUTPUT, 0
PARM, ELEVON_OUTPUT, 0
PARM, MIXING_GAIN, 0.5
PARM, SYS_NUM_RESETS, 1
PARM, LOG_BITMASK, 65535
PARM, RST_SWITCH_CH, 0
PARM, RST_MISSION_CH, 0
PARM, TRIM_ARSPD_CM, 1200
PARM, SCALING_SPEED, 15
PARM, MIN_GNDSPD_CM, 0
PARM, TRIM_PITCH_CD, 0
PARM, ALT_HOLD_RTL, 10000
PARM, ALT_HOLD_FBWCM, 0
PARM, MAG_ENABLE, 1
PARM, FLAP_IN_CHANNEL, 0
PARM, FLAPERON_OUTPUT, 0
PARM, FLAP_1_PERCNT, 0
PARM, FLAP_1_SPEED, 0
PARM, FLAP_2_PERCNT, 0
PARM, FLAP_2_SPEED, 0
PARM, RSSI_PIN, -1
PARM, RSSI_RANGE, 5
PARM, INVERTEDFLT_CH, 0
PARM, GND_ABS_PRESS, 102819.3
PARM, GND_TEMP, 41.97344
PARM, GND_ALT_OFFSET, 0
PARM, GPS_TYPE, 1
PARM, GPS_TYPE2, 0
PARM, GPS_NAVFILTER, 8
PARM, CAM_TRIGG_TYPE, 0
PARM, CAM_DURATION, 10
PARM, CAM_SERVO_ON, 1300
PARM, CAM_SERVO_OFF, 1100
PARM, CAM_TRIGG_DIST, 0
PARM, ARMING_REQUIRE, 0
PARM, ARMING_DIS_RUD, 0
PARM, ARMING_CHECK, 0
PARM, RELAY_PIN, 54
PARM, RELAY_PIN2, -1
PARM, RELAY_PIN3, -1
PARM, RELAY_PIN4, -1
PARM, SONAR_PIN, 0
PARM, SONAR_SCALING, 3
PARM, SONAR_OFFSET, 0
PARM, SONAR_FUNCTION, 0
PARM, SONAR_MIN_CM, 20
PARM, SONAR_MAX_CM, 700
PARM, SONAR_ENABLE, 0
PARM, SONAR_STOP_PIN, -1
PARM, SONAR_SETTLE_MS, 0
PARM, RC1_MIN, 1100
PARM, RC1_TRIM, 1500
PARM, RC1_MAX, 1900
PARM, RC1_REV, 1
PARM, RC1_DZ, 30
PARM, RC2_MIN, 1100
PARM, RC2_TRIM, 1500
PARM, RC2_MAX, 1900
PARM, RC2_REV, 1
PARM, RC2_DZ, 30
PARM, RC3_MIN, 1100
PARM, RC3_TRIM, 1500
PARM, RC3_MAX, 1900
PARM, RC3_REV, 1
PARM, RC3_DZ, 30
PARM, RC4_MIN, 1100
PARM, RC4_TRIM, 1500
PARM, RC4_MAX, 1900
PARM, RC4_REV, 1
PARM, RC4_DZ, 30
PARM, RC5_MIN, 1100
PARM, RC5_TRIM, 1500
PARM, RC5_MAX, 1900
PARM, RC5_REV, 1
PARM, RC5_DZ, 0
PARM, RC5_FUNCTION, 0
PARM, RC6_MIN, 1100
PARM, RC6_TRIM, 1500
PARM, RC6_MAX, 1900
PARM, RC6_REV, 1
PARM, RC6_DZ, 0
PARM, RC6_FUNCTION, 0
PARM, RC7_MIN, 1100
PARM, RC7_TRIM, 1500
PARM, RC7_MAX, 1900
PARM, RC7_REV, 1
PARM, RC7_DZ, 0
PARM, RC7_FUNCTION, 0
PARM, RC8_MIN, 1100
PARM, RC8_TRIM, 1500
PARM, RC8_MAX, 1900
PARM, RC8_REV, 1
PARM, RC8_DZ, 0
PARM, RC8_FUNCTION, 0
PARM, RC9_MIN, 1100
PARM, RC9_TRIM, 1500
PARM, RC9_MAX, 1900
PARM, RC9_REV, 1
PARM, RC9_DZ, 0
PARM, RC9_FUNCTION, 0
PARM, RC10_MIN, 1100
PARM, RC10_TRIM, 1500
PARM, RC10_MAX, 1900
PARM, RC10_REV, 1
PARM, RC10_DZ, 0
PARM, RC10_FUNCTION, 0
PARM, RC11_MIN, 1100
PARM, RC11_TRIM, 1500
PARM, RC11_MAX, 1900
PARM, RC11_REV, 1
PARM, RC11_DZ, 0
PARM, RC11_FUNCTION, 0
PARM, RC12_MIN, 1100
PARM, RC12_TRIM, 1500
PARM, RC12_MAX, 1900
PARM, RC12_REV, 1
PARM, RC12_DZ, 0
PARM, RC12_FUNCTION, 0
PARM, RC13_MIN, 1100
PARM, RC13_TRIM, 1500
PARM, RC13_MAX, 1900
PARM, RC13_REV, 1
PARM, RC13_DZ, 0
PARM, RC13_FUNCTION, 0
PARM, RC14_MIN, 1100
PARM, RC14_TRIM, 1500
PARM, RC14_MAX, 1900
PARM, RC14_REV, 1
PARM, RC14_DZ, 0
PARM, RC14_FUNCTION, 0
PARM, RLL2SRV_TCONST, 0.5
PARM, RLL2SRV_P, 0.4
PARM, RLL2SRV_D, 0.02
PARM, RLL2SRV_I, 0
PARM, RLL2SRV_RMAX, 0
PARM, RLL2SRV_IMAX, 1500
PARM, PTCH2SRV_TCONST, 0.5
PARM, PTCH2SRV_P, 0.4
PARM, PTCH2SRV_D, 0.02
PARM, PTCH2SRV_I, 0
PARM, PTCH2SRV_RMAX_UP, 0
PARM, PTCH2SRV_RMAX_DN, 0
PARM, PTCH2SRV_RLL, 1
PARM, PTCH2SRV_IMAX, 1500
PARM, YAW2SRV_SLIP, 0
PARM, YAW2SRV_INT, 0
PARM, YAW2SRV_DAMP, 0
PARM, YAW2SRV_RLL, 1
PARM, YAW2SRV_IMAX, 1500
PARM, STEER2SRV_TCONST, 0.75
PARM, STEER2SRV_P, 1.8
PARM, STEER2SRV_I, 0.2
PARM, STEER2SRV_D, 0.005
PARM, STEER2SRV_IMAX, 1500
PARM, STEER2SRV_MINSPD, 1
PARM, COMPASS_OFS_X, 0
PARM, COMPASS_OFS_Y, 0
PARM, COMPASS_OFS_Z, 0
PARM, COMPASS_DEC, 0
PARM, COMPASS_LEARN, 1
PARM, COMPASS_USE, 1
PARM, COMPASS_AUTODEC, 1
PARM, COMPASS_MOTCT, 0
PARM, COMPASS_MOT_X, 0
PARM, COMPASS_MOT_Y, 0
PARM, COMPASS_MOT_Z, 0
PARM, COMPASS_ORIENT, 0
PARM, COMPASS_EXTERNAL, 0
PARM, COMPASS_OFS2_X, 0
PARM, COMPASS_OFS2_Y, 0
PARM, COMPASS_OFS2_Z, 0
PARM, COMPASS_MOT2_X, 0
PARM, COMPASS_MOT2_Y, 0
PARM, COMPASS_MOT2_Z, 0
PARM, SCHED_DEBUG, 0
PARM, RCMAP_ROLL, 1
PARM, RCMAP_PITCH, 2
PARM, RCMAP_THROTTLE, 3
PARM, RCMAP_YAW, 4
PARM, SR0_RAW_SENS, 1
PARM, SR0_EXT_STAT, 1
PARM, SR0_RC_CHAN, 1
PARM, SR0_RAW_CTRL, 1
PARM, SR0_POSITION, 1
PARM, SR0_EXTRA1, 1
PARM, SR0_EXTRA2, 1
PARM, SR0_EXTRA3, 1
PARM, SR0_PARAMS, 10
PARM, SR1_RAW_SENS, 1
PARM, SR1_EXT_STAT, 1
PARM, SR1_RC_CHAN, 1
PARM, SR1_RAW_CTRL, 1
PARM, SR1_POSITION, 1
PARM, SR1_EXTRA1, 1
PARM, SR1_EXTRA2, 1
PARM, SR1_EXTRA3, 1
PARM, SR1_PARAMS, 10
PARM, SR2_RAW_SENS, 1
PARM, SR2_EXT_STAT, 1
PARM, SR2_RC_CHAN, 1
PARM, SR2_RAW_CTRL, 1
PARM, SR2_POSITION, 1
PARM, SR2_EXTRA1, 1
PARM, SR2_EXTRA2, 1
PARM, SR2_EXTRA3, 1
PARM, SR2_PARAMS, 10
PARM, INS_PRODUCT_ID, 5
PARM, INS_ACCSCAL_X, 1
PARM, INS_ACCSCAL_Y, 1
PARM, INS_ACCSCAL_Z, 1
PARM, INS_ACCOFFS_X, 0
PARM, INS_ACCOFFS_Y, 0
PARM, INS_ACCOFFS_Z, 0
PARM, INS_GYROFFS_X, 0.003759514
PARM, INS_GYROFFS_Y, 0.07825607
PARM, INS_GYROFFS_Z, 0.006551471
PARM, INS_MPU6K_FILTER, 0
PARM, INS_ACC2SCAL_X, 1
PARM, INS_ACC2SCAL_Y, 1
PARM, INS_ACC2SCAL_Z, 1
PARM, INS_ACC2OFFS_X, 0
PARM, INS_ACC2OFFS_Y, 0
PARM, INS_ACC2OFFS_Z, 0
PARM, INS_GYR2OFFS_X, -0.01683542
PARM, INS_GYR2OFFS_Y, 0.04284365
PARM, INS_GYR2OFFS_Z, -0.07721268
PARM, AHRS_GPS_GAIN, 1
PARM, AHRS_GPS_USE, 1
PARM, AHRS_YAW_P, 0.2
PARM, AHRS_RP_P, 0.2
PARM, AHRS_WIND_MAX, 0
PARM, AHRS_TRIM_X, 0
PARM, AHRS_TRIM_Y, 0
PARM, AHRS_TRIM_Z, 0
PARM, AHRS_ORIENTATION, 0
PARM, AHRS_COMP_BETA, 0.1
PARM, AHRS_GPS_MINSATS, 6
PARM, AHRS_EKF_USE, 0
PARM, ARSPD_ENABLE, 1
PARM, ARSPD_USE, 0
PARM, ARSPD_OFFSET, 2.594753
PARM, ARSPD_RATIO, 1.9936
PARM, ARSPD_PIN, 15
PARM, ARSPD_AUTOCAL, 0
PARM, ARSPD_TUBE_ORDER, 2
PARM, NAVL1_PERIOD, 25
PARM, NAVL1_DAMPING, 0.75
PARM, TECS_CLMB_MAX, 5
PARM, TECS_SINK_MIN, 2
PARM, TECS_TIME_CONST, 5
PARM, TECS_THR_DAMP, 0.5
PARM, TECS_INTEG_GAIN, 0.1
PARM, TECS_VERT_ACC, 7
PARM, TECS_HGT_OMEGA, 3
PARM, TECS_SPD_OMEGA, 2
PARM, TECS_RLL2THR, 10
PARM, TECS_SPDWEIGHT, 1
PARM, TECS_PTCH_DAMP, 0
PARM, TECS_SINK_MAX, 5
PARM, TECS_LAND_ARSPD, -1
PARM, TECS_LAND_THR, -1
PARM, TECS_LAND_SPDWGT, 1
PARM, MNT_MODE, 0
PARM, MNT_RETRACT_X, 0
PARM, MNT_RETRACT_Y, 0
PARM, MNT_RETRACT_Z, 0
PARM, MNT_NEUTRAL_X, 0
PARM, MNT_NEUTRAL_Y, 0
PARM, MNT_NEUTRAL_Z, 0
PARM, MNT_CONTROL_X, 0
PARM, MNT_CONTROL_Y, 0
PARM, MNT_CONTROL_Z, 0
PARM, MNT_STAB_ROLL, 0
PARM, MNT_STAB_TILT, 0
PARM, MNT_STAB_PAN, 0
PARM, MNT_RC_IN_ROLL, 0
PARM, MNT_ANGMIN_ROL, -4500
PARM, MNT_ANGMAX_ROL, 4500
PARM, MNT_RC_IN_TILT, 0
PARM, MNT_ANGMIN_TIL, -4500
PARM, MNT_ANGMAX_TIL, 4500
PARM, MNT_RC_IN_PAN, 0
PARM, MNT_ANGMIN_PAN, -4500
PARM, MNT_ANGMAX_PAN, 4500
PARM, MNT_JSTICK_SPD, 0
PARM, BATT_MONITOR, 0
PARM, BATT_VOLT_PIN, 2
PARM, BATT_CURR_PIN, 3
PARM, BATT_VOLT_MULT, 10.1
PARM, BATT_AMP_PERVOLT, 17
PARM, BATT_AMP_OFFSET, 0
PARM, BATT_CAPACITY, 3300
PARM, BRD_PWM_COUNT, 4
PARM, BRD_SER1_RTSCTS, 2
PARM, BRD_SER2_RTSCTS, 2
PARM, BRD_SAFETYENABLE, 1
PARM, EKF_VELNE_NOISE, 0.3
PARM, EKF_VELD_NOISE, 0.5
PARM, EKF_POSNE_NOISE, 0.5
PARM, EKF_ALT_NOISE, 0.5
PARM, EKF_MAG_NOISE, 0.05
PARM, EKF_EAS_NOISE, 1.4
PARM, EKF_WIND_PNOISE, 0.1
PARM, EKF_WIND_PSCALE, 0.5
PARM, EKF_GYRO_PNOISE, 0.015
PARM, EKF_ACC_PNOISE, 0.25
PARM, EKF_GBIAS_PNOISE, 1E-06
PARM, EKF_ABIAS_PNOISE, 0.0002
PARM, EKF_MAGE_PNOISE, 0.0003
PARM, EKF_MAGB_PNOISE, 0.0003
PARM, EKF_VEL_DELAY, 220
PARM, EKF_POS_DELAY, 220
PARM, EKF_GPS_TYPE, 0
PARM, EKF_VEL_GATE, 2
PARM, EKF_POS_GATE, 10
PARM, EKF_HGT_GATE, 10
PARM, EKF_MAG_GATE, 3
PARM, EKF_EAS_GATE, 10
PARM, EKF_MAG_CAL, 0
PARM, EKF_GLITCH_ACCEL, 150
PARM, EKF_GLITCH_RAD, 15
PARM, MIS_TOTAL, 0
PARM, MIS_RESTART, 0
PARM, RALLY_TOTAL, 0
PARM, RALLY_LIMIT_KM, 5
MSG, ArduPlane V3.0.3 (8c5226a1)
MSG, PX4: 63b22a4a NuttX: 65cd7f85
MSG, PX4v2 0023001D 35324701 36343032
STRT, 7, 0
MODE, 21888, Manual, 0
MSG, Failsafe - Short event on, 
MODE, 21888, CIRCLE, 1
MSG, flight mode = 1
MSG, Failsafe - Long event on, 
MSG, flight mode = 11
